mode: atomic
github.com/ryolambert/openkiro/internal/middleware/middleware.go:34.35,36.2 1 7
github.com/ryolambert/openkiro/internal/middleware/middleware.go:41.94,43.34 2 5
github.com/ryolambert/openkiro/internal/middleware/middleware.go:43.34,45.17 2 4
github.com/ryolambert/openkiro/internal/middleware/middleware.go:45.17,47.4 1 2
github.com/ryolambert/openkiro/internal/middleware/middleware.go:48.3,48.17 1 2
github.com/ryolambert/openkiro/internal/middleware/middleware.go:50.2,50.21 1 3
github.com/ryolambert/openkiro/internal/middleware/middleware.go:56.62,58.34 2 4
github.com/ryolambert/openkiro/internal/middleware/middleware.go:58.34,60.17 2 3
github.com/ryolambert/openkiro/internal/middleware/middleware.go:60.17,62.4 1 1
github.com/ryolambert/openkiro/internal/middleware/middleware.go:63.3,63.17 1 2
github.com/ryolambert/openkiro/internal/middleware/middleware.go:65.2,65.21 1 3
github.com/ryolambert/openkiro/internal/middleware/middleware.go:74.103,76.2 1 2
github.com/ryolambert/openkiro/internal/middleware/middleware.go:79.71,81.2 1 2
github.com/ryolambert/openkiro/internal/middleware/middleware.go:84.40,84.57 1 1
github.com/ryolambert/openkiro/internal/protocol/sse_parser.go:40.69,44.38 3 6
github.com/ryolambert/openkiro/internal/protocol/sse_parser.go:44.38,45.35 1 19
github.com/ryolambert/openkiro/internal/protocol/sse_parser.go:45.35,47.4 1 3
github.com/ryolambert/openkiro/internal/protocol/sse_parser.go:48.3,48.19 1 19
github.com/ryolambert/openkiro/internal/protocol/sse_parser.go:51.2,51.6 1 6
github.com/ryolambert/openkiro/internal/protocol/sse_parser.go:51.6,53.69 2 16
github.com/ryolambert/openkiro/internal/protocol/sse_parser.go:53.69,54.9 1 5
github.com/ryolambert/openkiro/internal/protocol/sse_parser.go:56.3,56.70 1 11
github.com/ryolambert/openkiro/internal/protocol/sse_parser.go:56.70,57.9 1 0
github.com/ryolambert/openkiro/internal/protocol/sse_parser.go:60.3,61.51 2 11
github.com/ryolambert/openkiro/internal/protocol/sse_parser.go:61.51,62.9 1 0
github.com/ryolambert/openkiro/internal/protocol/sse_parser.go:65.3,66.21 2 11
github.com/ryolambert/openkiro/internal/protocol/sse_parser.go:66.21,67.13 1 0
github.com/ryolambert/openkiro/internal/protocol/sse_parser.go:67.13,69.5 1 0
github.com/ryolambert/openkiro/internal/protocol/sse_parser.go:70.4,70.9 1 0
github.com/ryolambert/openkiro/internal/protocol/sse_parser.go:72.3,73.52 2 11
github.com/ryolambert/openkiro/internal/protocol/sse_parser.go:73.52,74.9 1 0
github.com/ryolambert/openkiro/internal/protocol/sse_parser.go:78.3,79.48 2 11
github.com/ryolambert/openkiro/internal/protocol/sse_parser.go:79.48,80.9 1 0
github.com/ryolambert/openkiro/internal/protocol/sse_parser.go:84.3,85.55 2 11
github.com/ryolambert/openkiro/internal/protocol/sse_parser.go:85.55,87.4 1 11
github.com/ryolambert/openkiro/internal/protocol/sse_parser.go:90.3,91.160 2 11
github.com/ryolambert/openkiro/internal/protocol/sse_parser.go:91.160,94.30 3 10
github.com/ryolambert/openkiro/internal/protocol/sse_parser.go:94.30,95.40 1 18
github.com/ryolambert/openkiro/internal/protocol/sse_parser.go:95.40,97.6 1 1
github.com/ryolambert/openkiro/internal/protocol/sse_parser.go:99.4,99.12 1 9
github.com/ryolambert/openkiro/internal/protocol/sse_parser.go:103.3,104.71 2 1
github.com/ryolambert/openkiro/internal/protocol/sse_parser.go:104.71,105.63 1 1
github.com/ryolambert/openkiro/internal/protocol/sse_parser.go:105.63,109.20 1 1
github.com/ryolambert/openkiro/internal/protocol/sse_parser.go:109.20,111.6 1 0
github.com/ryolambert/openkiro/internal/protocol/sse_parser.go:112.10,112.52 1 0
github.com/ryolambert/openkiro/internal/protocol/sse_parser.go:112.52,113.14 1 0
github.com/ryolambert/openkiro/internal/protocol/sse_parser.go:113.14,115.6 1 0
github.com/ryolambert/openkiro/internal/protocol/sse_parser.go:121.2,121.84 1 5
github.com/ryolambert/openkiro/internal/protocol/sse_parser.go:121.84,124.23 3 1
github.com/ryolambert/openkiro/internal/protocol/sse_parser.go:124.23,126.4 1 1
github.com/ryolambert/openkiro/internal/protocol/sse_parser.go:127.3,127.29 1 1
github.com/ryolambert/openkiro/internal/protocol/sse_parser.go:127.29,128.36 1 2
github.com/ryolambert/openkiro/internal/protocol/sse_parser.go:128.36,130.5 1 0
github.com/ryolambert/openkiro/internal/protocol/sse_parser.go:134.2,134.12 1 5
github.com/ryolambert/openkiro/internal/protocol/sse_parser.go:138.42,140.71 2 3
github.com/ryolambert/openkiro/internal/protocol/sse_parser.go:140.71,143.3 2 12
github.com/ryolambert/openkiro/internal/protocol/sse_parser.go:144.2,144.15 1 3
github.com/ryolambert/openkiro/internal/protocol/sse_parser.go:147.95,148.9 1 10
github.com/ryolambert/openkiro/internal/protocol/sse_parser.go:149.25,150.39 1 5
github.com/ryolambert/openkiro/internal/protocol/sse_parser.go:150.39,153.4 2 5
github.com/ryolambert/openkiro/internal/protocol/sse_parser.go:154.3,164.5 1 5
github.com/ryolambert/openkiro/internal/protocol/sse_parser.go:165.27,167.21 2 3
github.com/ryolambert/openkiro/internal/protocol/sse_parser.go:167.21,169.4 1 1
github.com/ryolambert/openkiro/internal/protocol/sse_parser.go:171.3,171.86 1 3
github.com/ryolambert/openkiro/internal/protocol/sse_parser.go:171.86,174.4 2 1
github.com/ryolambert/openkiro/internal/protocol/sse_parser.go:176.3,176.23 1 3
github.com/ryolambert/openkiro/internal/protocol/sse_parser.go:176.23,190.4 1 1
github.com/ryolambert/openkiro/internal/protocol/sse_parser.go:192.3,192.15 1 3
github.com/ryolambert/openkiro/internal/protocol/sse_parser.go:192.15,195.4 2 1
github.com/ryolambert/openkiro/internal/protocol/sse_parser.go:196.16,198.41 2 2
github.com/ryolambert/openkiro/internal/protocol/sse_parser.go:202.61,221.2 7 5
github.com/ryolambert/openkiro/internal/protocol/sse_parser.go:223.85,244.2 7 1
github.com/ryolambert/openkiro/internal/protocol/sse_parser.go:246.64,247.65 1 10
github.com/ryolambert/openkiro/internal/protocol/sse_parser.go:247.65,249.3 1 5
github.com/ryolambert/openkiro/internal/protocol/sse_parser.go:251.2,262.28 5 5
github.com/ryolambert/openkiro/internal/protocol/sse_parser.go:265.64,277.2 1 4
github.com/ryolambert/openkiro/internal/daemon/alias.go:17.35,19.2 1 1
github.com/ryolambert/openkiro/internal/daemon/alias.go:22.27,23.31 1 2
github.com/ryolambert/openkiro/internal/daemon/alias.go:23.31,25.3 1 0
github.com/ryolambert/openkiro/internal/daemon/alias.go:26.2,27.33 2 2
github.com/ryolambert/openkiro/internal/daemon/alias.go:27.33,29.3 1 1
github.com/ryolambert/openkiro/internal/daemon/alias.go:30.2,30.15 1 1
github.com/ryolambert/openkiro/internal/daemon/alias.go:34.69,36.2 1 2
github.com/ryolambert/openkiro/internal/daemon/alias.go:38.65,46.2 1 4
github.com/ryolambert/openkiro/internal/daemon/alias.go:49.75,51.2 1 1
github.com/ryolambert/openkiro/internal/daemon/alias.go:53.71,60.2 1 1
github.com/ryolambert/openkiro/internal/daemon/alias.go:63.66,75.2 1 1
github.com/ryolambert/openkiro/internal/daemon/alias.go:84.56,86.16 2 0
github.com/ryolambert/openkiro/internal/daemon/alias.go:86.16,88.3 1 0
github.com/ryolambert/openkiro/internal/daemon/alias.go:89.2,89.19 1 0
github.com/ryolambert/openkiro/internal/daemon/alias.go:90.14,91.63 1 0
github.com/ryolambert/openkiro/internal/daemon/alias.go:91.63,93.4 1 0
github.com/ryolambert/openkiro/internal/daemon/alias.go:94.3,94.45 1 0
github.com/ryolambert/openkiro/internal/daemon/alias.go:95.13,96.62 1 0
github.com/ryolambert/openkiro/internal/daemon/alias.go:96.62,98.4 1 0
github.com/ryolambert/openkiro/internal/daemon/alias.go:99.3,99.44 1 0
github.com/ryolambert/openkiro/internal/daemon/alias.go:100.20,101.32 1 0
github.com/ryolambert/openkiro/internal/daemon/alias.go:101.32,103.4 1 0
github.com/ryolambert/openkiro/internal/daemon/alias.go:104.3,104.95 1 0
github.com/ryolambert/openkiro/internal/daemon/alias.go:105.13,107.17 2 0
github.com/ryolambert/openkiro/internal/daemon/alias.go:107.17,109.4 1 0
github.com/ryolambert/openkiro/internal/daemon/alias.go:110.3,110.18 1 0
github.com/ryolambert/openkiro/internal/daemon/alias.go:111.10,112.60 1 0
github.com/ryolambert/openkiro/internal/daemon/alias.go:116.32,119.2 2 0
github.com/ryolambert/openkiro/internal/daemon/alias.go:122.39,124.16 2 0
github.com/ryolambert/openkiro/internal/daemon/alias.go:124.16,126.3 1 0
github.com/ryolambert/openkiro/internal/daemon/alias.go:127.2,127.46 1 0
github.com/ryolambert/openkiro/internal/daemon/alias.go:131.42,133.2 1 3
github.com/ryolambert/openkiro/internal/daemon/alias.go:136.62,137.24 1 0
github.com/ryolambert/openkiro/internal/daemon/alias.go:137.24,139.3 1 0
github.com/ryolambert/openkiro/internal/daemon/alias.go:140.2,141.16 2 0
github.com/ryolambert/openkiro/internal/daemon/alias.go:141.16,143.3 1 0
github.com/ryolambert/openkiro/internal/daemon/alias.go:144.2,145.39 2 0
github.com/ryolambert/openkiro/internal/daemon/alias.go:145.39,147.3 1 0
github.com/ryolambert/openkiro/internal/daemon/alias.go:148.2,149.29 2 0
github.com/ryolambert/openkiro/internal/daemon/alias.go:149.29,151.3 1 0
github.com/ryolambert/openkiro/internal/daemon/alias.go:151.8,153.3 1 0
github.com/ryolambert/openkiro/internal/daemon/alias.go:154.2,154.73 1 0
github.com/ryolambert/openkiro/internal/daemon/alias.go:154.73,156.3 1 0
github.com/ryolambert/openkiro/internal/daemon/alias.go:157.2,157.24 1 0
github.com/ryolambert/openkiro/internal/daemon/alias.go:161.56,164.30 3 1
github.com/ryolambert/openkiro/internal/daemon/alias.go:164.30,166.3 1 0
github.com/ryolambert/openkiro/internal/daemon/alias.go:167.2,167.70 1 1
github.com/ryolambert/openkiro/internal/daemon/alias.go:170.52,172.16 2 0
github.com/ryolambert/openkiro/internal/daemon/alias.go:172.16,174.3 1 0
github.com/ryolambert/openkiro/internal/daemon/alias.go:175.2,175.48 1 0
github.com/ryolambert/openkiro/internal/daemon/alias.go:175.48,177.3 1 0
github.com/ryolambert/openkiro/internal/daemon/alias.go:178.2,179.70 2 0
github.com/ryolambert/openkiro/internal/daemon/alias.go:179.70,181.3 1 0
github.com/ryolambert/openkiro/internal/daemon/alias.go:182.2,182.21 1 0
github.com/ryolambert/openkiro/internal/daemon/alias.go:186.83,189.19 3 1
github.com/ryolambert/openkiro/internal/daemon/alias.go:190.21,192.30 2 1
github.com/ryolambert/openkiro/internal/daemon/alias.go:192.30,194.4 1 2
github.com/ryolambert/openkiro/internal/daemon/alias.go:195.20,197.30 2 0
github.com/ryolambert/openkiro/internal/daemon/alias.go:197.30,199.4 1 0
github.com/ryolambert/openkiro/internal/daemon/alias.go:200.13,201.30 1 0
github.com/ryolambert/openkiro/internal/daemon/alias.go:201.30,203.4 1 0
github.com/ryolambert/openkiro/internal/daemon/alias.go:205.2,206.19 2 1
github.com/ryolambert/openkiro/internal/daemon/daemon.go:19.31,21.22 2 18
github.com/ryolambert/openkiro/internal/daemon/daemon.go:22.16,24.17 2 0
github.com/ryolambert/openkiro/internal/daemon/daemon.go:24.17,26.4 1 0
github.com/ryolambert/openkiro/internal/daemon/daemon.go:27.3,27.59 1 0
github.com/ryolambert/openkiro/internal/daemon/daemon.go:28.17,30.18 2 0
github.com/ryolambert/openkiro/internal/daemon/daemon.go:30.18,32.4 1 0
github.com/ryolambert/openkiro/internal/daemon/daemon.go:33.3,33.49 1 0
github.com/ryolambert/openkiro/internal/daemon/daemon.go:34.10,36.17 2 18
github.com/ryolambert/openkiro/internal/daemon/daemon.go:36.17,38.4 1 0
github.com/ryolambert/openkiro/internal/daemon/daemon.go:39.3,39.59 1 18
github.com/ryolambert/openkiro/internal/daemon/daemon.go:41.2,41.48 1 18
github.com/ryolambert/openkiro/internal/daemon/daemon.go:41.48,43.3 1 0
github.com/ryolambert/openkiro/internal/daemon/daemon.go:44.2,44.17 1 18
github.com/ryolambert/openkiro/internal/daemon/daemon.go:48.36,50.16 2 16
github.com/ryolambert/openkiro/internal/daemon/daemon.go:50.16,52.3 1 0
github.com/ryolambert/openkiro/internal/daemon/daemon.go:53.2,53.48 1 16
github.com/ryolambert/openkiro/internal/daemon/daemon.go:57.36,59.16 2 1
github.com/ryolambert/openkiro/internal/daemon/daemon.go:59.16,61.3 1 0
github.com/ryolambert/openkiro/internal/daemon/daemon.go:62.2,62.48 1 1
github.com/ryolambert/openkiro/internal/daemon/daemon.go:66.30,68.16 2 4
github.com/ryolambert/openkiro/internal/daemon/daemon.go:68.16,70.3 1 0
github.com/ryolambert/openkiro/internal/daemon/daemon.go:71.2,71.74 1 4
github.com/ryolambert/openkiro/internal/daemon/daemon.go:71.74,73.3 1 0
github.com/ryolambert/openkiro/internal/daemon/daemon.go:74.2,74.12 1 4
github.com/ryolambert/openkiro/internal/daemon/daemon.go:78.29,80.16 2 3
github.com/ryolambert/openkiro/internal/daemon/daemon.go:80.16,82.3 1 0
github.com/ryolambert/openkiro/internal/daemon/daemon.go:83.2,84.16 2 3
github.com/ryolambert/openkiro/internal/daemon/daemon.go:84.16,86.3 1 0
github.com/ryolambert/openkiro/internal/daemon/daemon.go:87.2,88.16 2 3
github.com/ryolambert/openkiro/internal/daemon/daemon.go:88.16,90.3 1 0
github.com/ryolambert/openkiro/internal/daemon/daemon.go:91.2,91.17 1 3
github.com/ryolambert/openkiro/internal/daemon/daemon.go:95.24,97.16 2 6
github.com/ryolambert/openkiro/internal/daemon/daemon.go:97.16,99.3 1 0
github.com/ryolambert/openkiro/internal/daemon/daemon.go:100.2,100.72 1 6
github.com/ryolambert/openkiro/internal/daemon/daemon.go:100.72,102.3 1 0
github.com/ryolambert/openkiro/internal/daemon/daemon.go:103.2,103.12 1 6
github.com/ryolambert/openkiro/internal/daemon/daemon.go:107.30,109.16 2 4
github.com/ryolambert/openkiro/internal/daemon/daemon.go:109.16,111.3 1 0
github.com/ryolambert/openkiro/internal/daemon/daemon.go:112.2,112.46 1 4
github.com/ryolambert/openkiro/internal/daemon/daemon.go:116.28,118.16 2 2
github.com/ryolambert/openkiro/internal/daemon/daemon.go:118.16,119.37 1 0
github.com/ryolambert/openkiro/internal/daemon/daemon.go:119.37,121.4 1 0
github.com/ryolambert/openkiro/internal/daemon/daemon.go:122.3,122.46 1 0
github.com/ryolambert/openkiro/internal/daemon/daemon.go:124.2,124.20 1 2
github.com/ryolambert/openkiro/internal/daemon/daemon.go:124.20,126.3 1 1
github.com/ryolambert/openkiro/internal/daemon/daemon.go:127.2,127.20 1 1
github.com/ryolambert/openkiro/internal/daemon/daemon.go:131.33,133.53 1 1
github.com/ryolambert/openkiro/internal/daemon/daemon.go:133.53,135.3 1 0
github.com/ryolambert/openkiro/internal/daemon/daemon.go:136.2,137.16 2 1
github.com/ryolambert/openkiro/internal/daemon/daemon.go:137.16,139.3 1 0
github.com/ryolambert/openkiro/internal/daemon/daemon.go:140.2,141.16 2 1
github.com/ryolambert/openkiro/internal/daemon/daemon.go:141.16,143.3 1 0
github.com/ryolambert/openkiro/internal/daemon/daemon.go:144.2,144.18 1 1
github.com/ryolambert/openkiro/internal/daemon/daemon.go:148.41,150.16 2 0
github.com/ryolambert/openkiro/internal/daemon/daemon.go:150.16,152.3 1 0
github.com/ryolambert/openkiro/internal/daemon/daemon.go:153.2,153.89 1 0
github.com/ryolambert/openkiro/internal/daemon/daemon.go:157.61,182.2 1 1
github.com/ryolambert/openkiro/internal/daemon/daemon.go:185.52,187.21 2 9
github.com/ryolambert/openkiro/internal/daemon/daemon.go:187.21,189.3 1 7
github.com/ryolambert/openkiro/internal/daemon/daemon.go:189.8,189.65 1 2
github.com/ryolambert/openkiro/internal/daemon/daemon.go:189.65,191.3 1 1
github.com/ryolambert/openkiro/internal/daemon/daemon.go:192.2,193.38 2 9
github.com/ryolambert/openkiro/internal/daemon/daemon.go:193.38,195.3 1 3
github.com/ryolambert/openkiro/internal/daemon/daemon.go:196.2,196.18 1 6
github.com/ryolambert/openkiro/internal/daemon/daemon.go:200.29,201.36 1 2
github.com/ryolambert/openkiro/internal/daemon/daemon.go:201.36,202.51 1 1
github.com/ryolambert/openkiro/internal/daemon/daemon.go:202.51,204.4 1 1
github.com/ryolambert/openkiro/internal/daemon/daemon.go:206.2,206.11 1 1
github.com/ryolambert/openkiro/internal/daemon/daemon.go:210.44,212.16 2 1
github.com/ryolambert/openkiro/internal/daemon/daemon.go:212.16,214.3 1 1
github.com/ryolambert/openkiro/internal/daemon/daemon.go:215.2,215.24 1 0
github.com/ryolambert/openkiro/internal/daemon/daemon.go:215.24,217.3 1 0
github.com/ryolambert/openkiro/internal/daemon/daemon.go:218.2,218.19 1 0
github.com/ryolambert/openkiro/internal/daemon/daemon.go:222.37,224.2 1 3
github.com/ryolambert/openkiro/internal/daemon/daemon.go:227.18,229.16 2 1
github.com/ryolambert/openkiro/internal/daemon/daemon.go:229.16,232.3 2 0
github.com/ryolambert/openkiro/internal/daemon/daemon.go:234.2,236.9 3 1
github.com/ryolambert/openkiro/internal/daemon/daemon.go:236.9,240.3 3 0
github.com/ryolambert/openkiro/internal/daemon/daemon.go:242.2,243.16 2 1
github.com/ryolambert/openkiro/internal/daemon/daemon.go:243.16,246.3 2 0
github.com/ryolambert/openkiro/internal/daemon/daemon.go:248.2,249.56 2 1
github.com/ryolambert/openkiro/internal/daemon/daemon.go:249.56,252.3 2 0
github.com/ryolambert/openkiro/internal/daemon/daemon.go:254.2,260.16 6 1
github.com/ryolambert/openkiro/internal/daemon/daemon.go:260.16,263.3 2 0
github.com/ryolambert/openkiro/internal/daemon/daemon.go:265.2,265.68 1 1
github.com/ryolambert/openkiro/internal/daemon/daemon.go:265.68,268.3 2 0
github.com/ryolambert/openkiro/internal/daemon/daemon.go:270.2,270.50 1 1
github.com/ryolambert/openkiro/internal/proxy/request.go:13.46,15.15 2 11
github.com/ryolambert/openkiro/internal/proxy/request.go:15.15,17.3 1 3
github.com/ryolambert/openkiro/internal/proxy/request.go:18.2,18.32 1 8
github.com/ryolambert/openkiro/internal/proxy/request.go:18.32,20.3 1 2
github.com/ryolambert/openkiro/internal/proxy/request.go:22.2,22.39 1 6
github.com/ryolambert/openkiro/internal/proxy/request.go:22.39,24.3 1 1
github.com/ryolambert/openkiro/internal/proxy/request.go:26.2,26.9 1 5
github.com/ryolambert/openkiro/internal/proxy/request.go:27.40,28.23 1 0
github.com/ryolambert/openkiro/internal/proxy/request.go:29.71,30.23 1 0
github.com/ryolambert/openkiro/internal/proxy/request.go:31.71,32.23 1 1
github.com/ryolambert/openkiro/internal/proxy/request.go:33.39,34.23 1 0
github.com/ryolambert/openkiro/internal/proxy/request.go:35.37,36.21 1 0
github.com/ryolambert/openkiro/internal/proxy/request.go:37.38,38.22 1 0
github.com/ryolambert/openkiro/internal/proxy/request.go:39.10,40.23 1 4
github.com/ryolambert/openkiro/internal/proxy/request.go:45.28,51.2 5 0
github.com/ryolambert/openkiro/internal/proxy/request.go:54.52,60.2 5 7
github.com/ryolambert/openkiro/internal/proxy/request.go:63.50,64.22 1 0
github.com/ryolambert/openkiro/internal/proxy/request.go:64.22,66.3 1 0
github.com/ryolambert/openkiro/internal/proxy/request.go:67.2,67.17 1 0
github.com/ryolambert/openkiro/internal/proxy/request.go:67.17,69.3 1 0
github.com/ryolambert/openkiro/internal/proxy/request.go:70.2,70.29 1 0
github.com/ryolambert/openkiro/internal/proxy/request.go:74.70,75.15 1 0
github.com/ryolambert/openkiro/internal/proxy/request.go:75.15,76.34 1 0
github.com/ryolambert/openkiro/internal/proxy/request.go:76.34,78.4 1 0
github.com/ryolambert/openkiro/internal/proxy/request.go:79.3,79.42 1 0
github.com/ryolambert/openkiro/internal/proxy/request.go:82.2,84.92 2 0
github.com/ryolambert/openkiro/internal/proxy/request.go:84.92,85.31 1 0
github.com/ryolambert/openkiro/internal/proxy/request.go:85.31,87.4 1 0
github.com/ryolambert/openkiro/internal/proxy/request.go:90.2,90.43 1 0
github.com/ryolambert/openkiro/internal/proxy/request.go:90.43,91.49 1 0
github.com/ryolambert/openkiro/internal/proxy/request.go:91.49,93.44 2 0
github.com/ryolambert/openkiro/internal/proxy/request.go:93.44,94.55 1 0
github.com/ryolambert/openkiro/internal/proxy/request.go:94.55,96.6 1 0
github.com/ryolambert/openkiro/internal/proxy/request.go:96.11,98.6 1 0
github.com/ryolambert/openkiro/internal/proxy/request.go:100.4,100.42 1 0
github.com/ryolambert/openkiro/internal/proxy/request.go:104.2,104.38 1 0
github.com/ryolambert/openkiro/internal/proxy/request.go:104.38,105.49 1 0
github.com/ryolambert/openkiro/internal/proxy/request.go:105.49,107.4 1 0
github.com/ryolambert/openkiro/internal/proxy/request.go:107.9,109.4 1 0
github.com/ryolambert/openkiro/internal/proxy/request.go:112.2,112.63 1 0
github.com/ryolambert/openkiro/internal/proxy/request.go:112.63,113.38 1 0
github.com/ryolambert/openkiro/internal/proxy/request.go:113.38,114.39 1 0
github.com/ryolambert/openkiro/internal/proxy/request.go:114.39,116.35 2 0
github.com/ryolambert/openkiro/internal/proxy/request.go:116.35,117.50 1 0
github.com/ryolambert/openkiro/internal/proxy/request.go:117.50,119.7 1 0
github.com/ryolambert/openkiro/internal/proxy/request.go:119.12,121.7 1 0
github.com/ryolambert/openkiro/internal/proxy/request.go:123.5,123.34 1 0
github.com/ryolambert/openkiro/internal/proxy/request.go:128.2,128.15 1 0
github.com/ryolambert/openkiro/internal/proxy/request.go:132.73,134.29 2 0
github.com/ryolambert/openkiro/internal/proxy/request.go:134.29,142.3 5 0
github.com/ryolambert/openkiro/internal/proxy/request.go:143.2,143.16 1 0
github.com/ryolambert/openkiro/internal/proxy/request.go:147.69,149.16 2 3
github.com/ryolambert/openkiro/internal/proxy/request.go:149.16,151.3 1 0
github.com/ryolambert/openkiro/internal/proxy/request.go:153.2,153.34 1 3
github.com/ryolambert/openkiro/internal/proxy/request.go:153.34,155.3 1 2
github.com/ryolambert/openkiro/internal/proxy/request.go:157.2,159.78 2 1
github.com/ryolambert/openkiro/internal/proxy/request.go:159.78,162.17 3 2
github.com/ryolambert/openkiro/internal/proxy/request.go:162.17,164.4 1 0
github.com/ryolambert/openkiro/internal/proxy/request.go:167.2,167.34 1 1
github.com/ryolambert/openkiro/internal/proxy/request.go:167.34,170.3 2 1
github.com/ryolambert/openkiro/internal/proxy/request.go:172.2,173.23 2 0
github.com/ryolambert/openkiro/internal/proxy/request.go:173.23,175.3 1 0
github.com/ryolambert/openkiro/internal/proxy/request.go:176.2,177.16 2 0
github.com/ryolambert/openkiro/internal/proxy/request.go:177.16,179.3 1 0
github.com/ryolambert/openkiro/internal/proxy/request.go:181.2,181.34 1 0
github.com/ryolambert/openkiro/internal/proxy/request.go:181.34,184.3 2 0
github.com/ryolambert/openkiro/internal/proxy/request.go:186.2,186.23 1 0
github.com/ryolambert/openkiro/internal/proxy/request.go:186.23,188.3 1 0
github.com/ryolambert/openkiro/internal/proxy/request.go:189.2,190.16 2 0
github.com/ryolambert/openkiro/internal/proxy/request.go:190.16,192.3 1 0
github.com/ryolambert/openkiro/internal/proxy/request.go:194.2,194.34 1 0
github.com/ryolambert/openkiro/internal/proxy/request.go:194.34,197.3 2 0
github.com/ryolambert/openkiro/internal/proxy/request.go:199.2,201.16 3 0
github.com/ryolambert/openkiro/internal/proxy/request.go:201.16,203.3 1 0
github.com/ryolambert/openkiro/internal/proxy/request.go:204.2,205.18 2 0
github.com/ryolambert/openkiro/internal/proxy/request.go:209.52,210.23 1 2
github.com/ryolambert/openkiro/internal/proxy/request.go:210.23,212.3 1 0
github.com/ryolambert/openkiro/internal/proxy/request.go:213.2,213.20 1 2
github.com/ryolambert/openkiro/internal/proxy/request.go:217.59,218.36 1 1
github.com/ryolambert/openkiro/internal/proxy/request.go:218.36,220.3 1 0
github.com/ryolambert/openkiro/internal/proxy/request.go:221.2,221.26 1 1
github.com/ryolambert/openkiro/internal/proxy/request.go:221.26,223.3 1 0
github.com/ryolambert/openkiro/internal/proxy/request.go:224.2,224.59 1 1
github.com/ryolambert/openkiro/internal/proxy/request.go:228.65,230.32 2 7
github.com/ryolambert/openkiro/internal/proxy/request.go:230.32,231.57 1 2
github.com/ryolambert/openkiro/internal/proxy/request.go:231.57,233.4 1 2
github.com/ryolambert/openkiro/internal/proxy/request.go:235.2,235.36 1 7
github.com/ryolambert/openkiro/internal/proxy/request.go:239.71,242.83 3 7
github.com/ryolambert/openkiro/internal/proxy/request.go:242.83,244.3 1 2
github.com/ryolambert/openkiro/internal/proxy/request.go:245.2,246.36 2 7
github.com/ryolambert/openkiro/internal/proxy/request.go:256.3,266.9 3 11
github.com/ryolambert/openkiro/internal/proxy/request.go:266.9,268.3 1 10
github.com/ryolambert/openkiro/internal/proxy/request.go:270.2,271.31 2 1
github.com/ryolambert/openkiro/internal/proxy/request.go:271.31,273.10 2 1
github.com/ryolambert/openkiro/internal/proxy/request.go:273.10,274.12 1 0
github.com/ryolambert/openkiro/internal/proxy/request.go:276.3,277.33 2 1
github.com/ryolambert/openkiro/internal/proxy/request.go:277.33,278.12 1 0
github.com/ryolambert/openkiro/internal/proxy/request.go:281.3,282.22 2 1
github.com/ryolambert/openkiro/internal/proxy/request.go:282.22,283.12 1 0
github.com/ryolambert/openkiro/internal/proxy/request.go:286.3,287.53 2 1
github.com/ryolambert/openkiro/internal/proxy/request.go:287.53,289.4 1 0
github.com/ryolambert/openkiro/internal/proxy/request.go:291.3,295.39 3 1
github.com/ryolambert/openkiro/internal/proxy/request.go:295.39,299.4 1 0
github.com/ryolambert/openkiro/internal/proxy/request.go:299.9,300.34 1 1
github.com/ryolambert/openkiro/internal/proxy/request.go:301.16,304.16 1 1
github.com/ryolambert/openkiro/internal/proxy/request.go:305.23,306.28 1 0
github.com/ryolambert/openkiro/internal/proxy/request.go:306.28,307.58 1 0
github.com/ryolambert/openkiro/internal/proxy/request.go:307.58,308.51 1 0
github.com/ryolambert/openkiro/internal/proxy/request.go:308.51,312.8 1 0
github.com/ryolambert/openkiro/internal/proxy/request.go:312.13,313.58 1 0
github.com/ryolambert/openkiro/internal/proxy/request.go:313.58,317.9 1 0
github.com/ryolambert/openkiro/internal/proxy/request.go:321.12,322.58 1 0
github.com/ryolambert/openkiro/internal/proxy/request.go:322.58,326.6 1 0
github.com/ryolambert/openkiro/internal/proxy/request.go:330.3,334.5 1 1
github.com/ryolambert/openkiro/internal/proxy/request.go:337.2,345.28 3 1
github.com/ryolambert/openkiro/internal/proxy/request.go:345.28,347.3 1 1
github.com/ryolambert/openkiro/internal/proxy/request.go:348.2,348.12 1 1
github.com/ryolambert/openkiro/internal/proxy/request.go:352.41,354.9 2 4
github.com/ryolambert/openkiro/internal/proxy/request.go:354.9,356.3 1 3
github.com/ryolambert/openkiro/internal/proxy/request.go:358.2,359.31 2 1
github.com/ryolambert/openkiro/internal/proxy/request.go:359.31,361.10 2 1
github.com/ryolambert/openkiro/internal/proxy/request.go:361.10,362.12 1 0
github.com/ryolambert/openkiro/internal/proxy/request.go:364.3,365.30 2 1
github.com/ryolambert/openkiro/internal/proxy/request.go:365.30,366.12 1 0
github.com/ryolambert/openkiro/internal/proxy/request.go:369.3,373.36 4 1
github.com/ryolambert/openkiro/internal/proxy/request.go:373.36,375.23 2 1
github.com/ryolambert/openkiro/internal/proxy/request.go:375.23,377.5 1 0
github.com/ryolambert/openkiro/internal/proxy/request.go:378.4,382.6 1 1
github.com/ryolambert/openkiro/internal/proxy/request.go:385.2,385.17 1 1
github.com/ryolambert/openkiro/internal/proxy/request.go:389.39,391.9 2 0
github.com/ryolambert/openkiro/internal/proxy/request.go:391.9,393.3 1 0
github.com/ryolambert/openkiro/internal/proxy/request.go:394.2,394.31 1 0
github.com/ryolambert/openkiro/internal/proxy/request.go:394.31,395.50 1 0
github.com/ryolambert/openkiro/internal/proxy/request.go:395.50,396.54 1 0
github.com/ryolambert/openkiro/internal/proxy/request.go:396.54,398.5 1 0
github.com/ryolambert/openkiro/internal/proxy/request.go:401.2,401.14 1 0
github.com/ryolambert/openkiro/internal/proxy/request.go:405.44,406.20 1 22
github.com/ryolambert/openkiro/internal/proxy/request.go:406.20,408.3 1 0
github.com/ryolambert/openkiro/internal/proxy/request.go:409.2,409.29 1 22
github.com/ryolambert/openkiro/internal/proxy/request.go:410.14,411.18 1 20
github.com/ryolambert/openkiro/internal/proxy/request.go:411.18,413.4 1 0
github.com/ryolambert/openkiro/internal/proxy/request.go:414.3,414.11 1 20
github.com/ryolambert/openkiro/internal/proxy/request.go:415.21,417.27 2 2
github.com/ryolambert/openkiro/internal/proxy/request.go:417.27,418.51 1 2
github.com/ryolambert/openkiro/internal/proxy/request.go:418.51,420.22 2 2
github.com/ryolambert/openkiro/internal/proxy/request.go:421.17,422.44 1 0
github.com/ryolambert/openkiro/internal/proxy/request.go:422.44,424.7 1 0
github.com/ryolambert/openkiro/internal/proxy/request.go:425.20,426.50 1 0
github.com/ryolambert/openkiro/internal/proxy/request.go:426.50,428.7 1 0
github.com/ryolambert/openkiro/internal/proxy/request.go:429.24,431.42 2 1
github.com/ryolambert/openkiro/internal/proxy/request.go:431.42,432.57 1 0
github.com/ryolambert/openkiro/internal/proxy/request.go:432.57,434.8 1 0
github.com/ryolambert/openkiro/internal/proxy/request.go:435.7,435.12 1 0
github.com/ryolambert/openkiro/internal/proxy/request.go:437.6,437.36 1 1
github.com/ryolambert/openkiro/internal/proxy/request.go:438.18,439.31 1 1
github.com/ryolambert/openkiro/internal/proxy/request.go:440.25,441.30 1 0
github.com/ryolambert/openkiro/internal/proxy/request.go:441.30,442.60 1 0
github.com/ryolambert/openkiro/internal/proxy/request.go:442.60,444.31 2 0
github.com/ryolambert/openkiro/internal/proxy/request.go:444.31,445.54 1 0
github.com/ryolambert/openkiro/internal/proxy/request.go:445.54,447.11 1 0
github.com/ryolambert/openkiro/internal/proxy/request.go:448.15,449.60 1 0
github.com/ryolambert/openkiro/internal/proxy/request.go:449.60,451.11 1 0
github.com/ryolambert/openkiro/internal/proxy/request.go:456.21,459.20 3 1
github.com/ryolambert/openkiro/internal/proxy/request.go:459.20,461.7 1 1
github.com/ryolambert/openkiro/internal/proxy/request.go:462.24,463.46 1 0
github.com/ryolambert/openkiro/internal/proxy/request.go:463.46,465.7 1 0
github.com/ryolambert/openkiro/internal/proxy/request.go:466.13,467.50 1 0
github.com/ryolambert/openkiro/internal/proxy/request.go:467.50,469.7 1 0
github.com/ryolambert/openkiro/internal/proxy/request.go:473.3,473.22 1 2
github.com/ryolambert/openkiro/internal/proxy/request.go:473.22,474.51 1 0
github.com/ryolambert/openkiro/internal/proxy/request.go:474.51,476.5 1 0
github.com/ryolambert/openkiro/internal/proxy/request.go:477.4,477.13 1 0
github.com/ryolambert/openkiro/internal/proxy/request.go:479.3,479.35 1 2
github.com/ryolambert/openkiro/internal/proxy/request.go:480.10,482.17 2 0
github.com/ryolambert/openkiro/internal/proxy/request.go:482.17,484.4 1 0
github.com/ryolambert/openkiro/internal/proxy/request.go:485.3,485.19 1 0
github.com/ryolambert/openkiro/internal/proxy/request.go:490.29,491.49 1 7
github.com/ryolambert/openkiro/internal/proxy/request.go:491.49,493.3 1 0
github.com/ryolambert/openkiro/internal/proxy/request.go:494.2,494.11 1 7
github.com/ryolambert/openkiro/internal/proxy/request.go:498.84,505.22 4 7
github.com/ryolambert/openkiro/internal/proxy/request.go:505.22,506.24 1 7
github.com/ryolambert/openkiro/internal/proxy/request.go:507.50,508.40 1 7
github.com/ryolambert/openkiro/internal/proxy/request.go:509.21,510.39 1 0
github.com/ryolambert/openkiro/internal/proxy/request.go:513.2,515.78 2 7
github.com/ryolambert/openkiro/internal/proxy/request.go:515.78,517.3 1 0
github.com/ryolambert/openkiro/internal/proxy/request.go:517.8,517.43 1 7
github.com/ryolambert/openkiro/internal/proxy/request.go:517.43,520.3 2 7
github.com/ryolambert/openkiro/internal/proxy/request.go:520.8,522.3 1 0
github.com/ryolambert/openkiro/internal/proxy/request.go:524.2,528.33 4 7
github.com/ryolambert/openkiro/internal/proxy/request.go:528.33,530.3 1 0
github.com/ryolambert/openkiro/internal/proxy/request.go:532.2,532.92 1 7
github.com/ryolambert/openkiro/internal/proxy/request.go:532.92,533.71 1 7
github.com/ryolambert/openkiro/internal/proxy/request.go:533.71,535.4 1 1
github.com/ryolambert/openkiro/internal/proxy/request.go:538.2,539.52 2 7
github.com/ryolambert/openkiro/internal/proxy/request.go:539.52,542.71 3 8
github.com/ryolambert/openkiro/internal/proxy/request.go:542.71,543.12 1 0
github.com/ryolambert/openkiro/internal/proxy/request.go:546.3,546.30 1 8
github.com/ryolambert/openkiro/internal/proxy/request.go:546.30,551.12 5 4
github.com/ryolambert/openkiro/internal/proxy/request.go:554.3,559.67 5 4
github.com/ryolambert/openkiro/internal/proxy/request.go:559.67,561.4 1 0
github.com/ryolambert/openkiro/internal/proxy/request.go:563.3,563.37 1 4
github.com/ryolambert/openkiro/internal/proxy/request.go:565.2,567.14 2 7
github.com/ryolambert/openkiro/internal/proxy/request.go:571.44,572.73 1 2
github.com/ryolambert/openkiro/internal/proxy/request.go:573.41,574.47 1 0
github.com/ryolambert/openkiro/internal/proxy/response.go:13.88,15.19 2 3
github.com/ryolambert/openkiro/internal/proxy/response.go:15.19,17.3 1 3
github.com/ryolambert/openkiro/internal/proxy/response.go:18.2,18.27 1 0
github.com/ryolambert/openkiro/internal/proxy/response.go:22.88,32.69 6 2
github.com/ryolambert/openkiro/internal/proxy/response.go:32.69,33.37 1 8
github.com/ryolambert/openkiro/internal/proxy/response.go:33.37,34.43 1 4
github.com/ryolambert/openkiro/internal/proxy/response.go:34.43,36.5 1 0
github.com/ryolambert/openkiro/internal/proxy/response.go:37.4,37.16 1 4
github.com/ryolambert/openkiro/internal/proxy/response.go:40.3,44.15 5 4
github.com/ryolambert/openkiro/internal/proxy/response.go:47.2,47.31 1 2
github.com/ryolambert/openkiro/internal/proxy/response.go:47.31,49.10 2 14
github.com/ryolambert/openkiro/internal/proxy/response.go:49.10,50.12 1 0
github.com/ryolambert/openkiro/internal/proxy/response.go:53.3,53.26 1 14
github.com/ryolambert/openkiro/internal/proxy/response.go:54.30,59.31 5 4
github.com/ryolambert/openkiro/internal/proxy/response.go:59.31,62.64 3 2
github.com/ryolambert/openkiro/internal/proxy/response.go:62.64,64.6 1 2
github.com/ryolambert/openkiro/internal/proxy/response.go:66.30,71.33 5 4
github.com/ryolambert/openkiro/internal/proxy/response.go:71.33,73.5 1 2
github.com/ryolambert/openkiro/internal/proxy/response.go:73.10,73.46 1 2
github.com/ryolambert/openkiro/internal/proxy/response.go:73.46,75.5 1 2
github.com/ryolambert/openkiro/internal/proxy/response.go:76.4,78.21 2 4
github.com/ryolambert/openkiro/internal/proxy/response.go:79.22,82.19 3 2
github.com/ryolambert/openkiro/internal/proxy/response.go:83.28,84.30 1 2
github.com/ryolambert/openkiro/internal/proxy/response.go:84.30,86.6 1 0
github.com/ryolambert/openkiro/internal/proxy/response.go:87.5,87.29 1 2
github.com/ryolambert/openkiro/internal/proxy/response.go:87.29,89.6 1 0
github.com/ryolambert/openkiro/internal/proxy/response.go:90.5,90.55 1 2
github.com/ryolambert/openkiro/internal/proxy/response.go:91.17,92.31 1 2
github.com/ryolambert/openkiro/internal/proxy/response.go:93.18,94.24 1 0
github.com/ryolambert/openkiro/internal/proxy/response.go:94.24,96.7 1 0
github.com/ryolambert/openkiro/internal/proxy/response.go:98.5,98.19 1 2
github.com/ryolambert/openkiro/internal/proxy/response.go:100.24,101.61 1 2
github.com/ryolambert/openkiro/internal/proxy/response.go:101.61,102.68 1 2
github.com/ryolambert/openkiro/internal/proxy/response.go:102.68,104.6 1 2
github.com/ryolambert/openkiro/internal/proxy/response.go:109.2,113.30 4 2
github.com/ryolambert/openkiro/internal/proxy/response.go:113.30,115.39 2 4
github.com/ryolambert/openkiro/internal/proxy/response.go:115.39,116.12 1 0
github.com/ryolambert/openkiro/internal/proxy/response.go:119.3,119.31 1 4
github.com/ryolambert/openkiro/internal/proxy/response.go:119.31,120.47 1 2
github.com/ryolambert/openkiro/internal/proxy/response.go:120.47,122.78 2 2
github.com/ryolambert/openkiro/internal/proxy/response.go:122.78,124.6 1 0
github.com/ryolambert/openkiro/internal/proxy/response.go:124.11,126.6 1 2
github.com/ryolambert/openkiro/internal/proxy/response.go:128.4,128.30 1 2
github.com/ryolambert/openkiro/internal/proxy/response.go:128.30,130.5 1 0
github.com/ryolambert/openkiro/internal/proxy/response.go:133.3,133.78 1 4
github.com/ryolambert/openkiro/internal/proxy/response.go:136.2,136.33 1 2
github.com/ryolambert/openkiro/internal/proxy/response.go:136.33,138.99 2 0
github.com/ryolambert/openkiro/internal/proxy/response.go:138.99,140.4 1 0
github.com/ryolambert/openkiro/internal/proxy/response.go:143.2,143.19 1 2
github.com/ryolambert/openkiro/internal/proxy/response.go:146.32,147.27 1 8
github.com/ryolambert/openkiro/internal/proxy/response.go:148.11,149.11 1 8
github.com/ryolambert/openkiro/internal/proxy/response.go:150.15,151.16 1 0
github.com/ryolambert/openkiro/internal/proxy/response.go:152.10,153.11 1 0
github.com/ryolambert/openkiro/internal/proxy/response.go:158.138,160.42 2 2
github.com/ryolambert/openkiro/internal/proxy/response.go:160.42,161.21 1 3
github.com/ryolambert/openkiro/internal/proxy/response.go:162.15,166.6 1 2
github.com/ryolambert/openkiro/internal/proxy/response.go:167.19,173.6 1 1
github.com/ryolambert/openkiro/internal/proxy/response.go:177.2,189.3 1 2
github.com/ryolambert/openkiro/internal/proxy/response.go:193.151,218.46 2 1
github.com/ryolambert/openkiro/internal/proxy/response.go:218.46,219.21 1 2
github.com/ryolambert/openkiro/internal/proxy/response.go:220.15,251.5 1 1
github.com/ryolambert/openkiro/internal/proxy/response.go:252.19,267.32 2 1
github.com/ryolambert/openkiro/internal/proxy/response.go:267.32,268.67 1 1
github.com/ryolambert/openkiro/internal/proxy/response.go:268.67,282.6 1 1
github.com/ryolambert/openkiro/internal/proxy/response.go:285.4,291.6 1 1
github.com/ryolambert/openkiro/internal/proxy/response.go:295.2,313.15 2 1
github.com/ryolambert/openkiro/internal/proxy/server.go:23.52,25.2 1 2
github.com/ryolambert/openkiro/internal/proxy/server.go:28.80,37.2 1 2
github.com/ryolambert/openkiro/internal/proxy/server.go:40.56,41.22 1 1
github.com/ryolambert/openkiro/internal/proxy/server.go:41.22,43.3 1 0
github.com/ryolambert/openkiro/internal/proxy/server.go:44.2,45.118 2 1
github.com/ryolambert/openkiro/internal/proxy/server.go:48.60,49.54 1 8
github.com/ryolambert/openkiro/internal/proxy/server.go:49.54,54.3 4 11
github.com/ryolambert/openkiro/internal/proxy/server.go:58.37,61.92 2 2
github.com/ryolambert/openkiro/internal/proxy/server.go:61.92,62.34 1 1
github.com/ryolambert/openkiro/internal/proxy/server.go:62.34,65.4 2 0
github.com/ryolambert/openkiro/internal/proxy/server.go:67.3,68.17 2 1
github.com/ryolambert/openkiro/internal/proxy/server.go:68.17,72.4 3 0
github.com/ryolambert/openkiro/internal/proxy/server.go:74.3,77.17 4 1
github.com/ryolambert/openkiro/internal/proxy/server.go:77.17,79.36 2 1
github.com/ryolambert/openkiro/internal/proxy/server.go:79.36,82.5 2 1
github.com/ryolambert/openkiro/internal/proxy/server.go:83.4,85.10 3 0
github.com/ryolambert/openkiro/internal/proxy/server.go:87.3,90.61 3 0
github.com/ryolambert/openkiro/internal/proxy/server.go:90.61,94.4 3 0
github.com/ryolambert/openkiro/internal/proxy/server.go:96.3,96.31 1 0
github.com/ryolambert/openkiro/internal/proxy/server.go:96.31,99.4 2 0
github.com/ryolambert/openkiro/internal/proxy/server.go:100.3,100.38 1 0
github.com/ryolambert/openkiro/internal/proxy/server.go:100.38,103.4 2 0
github.com/ryolambert/openkiro/internal/proxy/server.go:104.3,105.50 2 0
github.com/ryolambert/openkiro/internal/proxy/server.go:105.50,107.4 1 0
github.com/ryolambert/openkiro/internal/proxy/server.go:108.3,108.85 1 0
github.com/ryolambert/openkiro/internal/proxy/server.go:108.85,110.4 1 0
github.com/ryolambert/openkiro/internal/proxy/server.go:112.3,112.26 1 0
github.com/ryolambert/openkiro/internal/proxy/server.go:112.26,113.11 1 0
github.com/ryolambert/openkiro/internal/proxy/server.go:113.11,114.18 1 0
github.com/ryolambert/openkiro/internal/proxy/server.go:114.18,115.50 1 0
github.com/ryolambert/openkiro/internal/proxy/server.go:115.50,117.7 1 0
github.com/ryolambert/openkiro/internal/proxy/server.go:119.5,119.58 1 0
github.com/ryolambert/openkiro/internal/proxy/server.go:121.4,121.10 1 0
github.com/ryolambert/openkiro/internal/proxy/server.go:124.3,124.10 1 0
github.com/ryolambert/openkiro/internal/proxy/server.go:124.10,125.17 1 0
github.com/ryolambert/openkiro/internal/proxy/server.go:125.17,127.5 1 0
github.com/ryolambert/openkiro/internal/proxy/server.go:128.4,128.60 1 0
github.com/ryolambert/openkiro/internal/proxy/server.go:132.2,132.90 1 2
github.com/ryolambert/openkiro/internal/proxy/server.go:132.90,145.27 4 10
github.com/ryolambert/openkiro/internal/proxy/server.go:145.27,147.4 1 140
github.com/ryolambert/openkiro/internal/proxy/server.go:148.3,150.26 3 10
github.com/ryolambert/openkiro/internal/proxy/server.go:150.26,157.4 1 140
github.com/ryolambert/openkiro/internal/proxy/server.go:159.3,163.5 2 10
github.com/ryolambert/openkiro/internal/proxy/server.go:166.2,166.87 1 2
github.com/ryolambert/openkiro/internal/proxy/server.go:166.87,169.3 2 0
github.com/ryolambert/openkiro/internal/proxy/server.go:171.2,171.81 1 2
github.com/ryolambert/openkiro/internal/proxy/server.go:171.81,174.3 2 0
github.com/ryolambert/openkiro/internal/proxy/server.go:176.2,176.12 1 2
github.com/ryolambert/openkiro/internal/proxy/server.go:180.64,182.40 2 0
github.com/ryolambert/openkiro/internal/proxy/server.go:182.40,184.3 1 0
github.com/ryolambert/openkiro/internal/proxy/server.go:187.2,188.46 2 0
github.com/ryolambert/openkiro/internal/proxy/server.go:188.46,191.3 2 0
github.com/ryolambert/openkiro/internal/proxy/server.go:193.2,202.12 8 0
github.com/ryolambert/openkiro/internal/proxy/server.go:202.12,206.50 4 0
github.com/ryolambert/openkiro/internal/proxy/server.go:206.50,208.4 1 0
github.com/ryolambert/openkiro/internal/proxy/server.go:211.2,211.75 1 0
github.com/ryolambert/openkiro/internal/proxy/server.go:211.75,214.3 2 0
github.com/ryolambert/openkiro/internal/proxy/server.go:218.100,225.9 6 1
github.com/ryolambert/openkiro/internal/proxy/server.go:225.9,228.3 2 0
github.com/ryolambert/openkiro/internal/proxy/server.go:229.2,230.15 2 1
github.com/ryolambert/openkiro/internal/proxy/server.go:230.15,231.47 1 1
github.com/ryolambert/openkiro/internal/proxy/server.go:231.47,234.4 2 0
github.com/ryolambert/openkiro/internal/proxy/server.go:237.2,242.16 4 1
github.com/ryolambert/openkiro/internal/proxy/server.go:242.16,245.3 2 0
github.com/ryolambert/openkiro/internal/proxy/server.go:247.2,254.16 3 1
github.com/ryolambert/openkiro/internal/proxy/server.go:254.16,257.3 2 0
github.com/ryolambert/openkiro/internal/proxy/server.go:259.2,267.52 7 1
github.com/ryolambert/openkiro/internal/proxy/server.go:267.52,268.18 1 1
github.com/ryolambert/openkiro/internal/proxy/server.go:268.18,274.18 2 0
github.com/ryolambert/openkiro/internal/proxy/server.go:274.18,277.5 2 0
github.com/ryolambert/openkiro/internal/proxy/server.go:278.4,280.54 3 0
github.com/ryolambert/openkiro/internal/proxy/server.go:283.3,284.17 2 1
github.com/ryolambert/openkiro/internal/proxy/server.go:284.17,287.4 2 0
github.com/ryolambert/openkiro/internal/proxy/server.go:289.3,289.39 1 1
github.com/ryolambert/openkiro/internal/proxy/server.go:289.39,290.9 1 1
github.com/ryolambert/openkiro/internal/proxy/server.go:293.3,299.113 6 0
github.com/ryolambert/openkiro/internal/proxy/server.go:299.113,303.25 4 0
github.com/ryolambert/openkiro/internal/proxy/server.go:303.25,306.5 2 0
github.com/ryolambert/openkiro/internal/proxy/server.go:307.4,308.18 2 0
github.com/ryolambert/openkiro/internal/proxy/server.go:308.18,311.5 2 0
github.com/ryolambert/openkiro/internal/proxy/server.go:312.4,313.12 2 0
github.com/ryolambert/openkiro/internal/proxy/server.go:316.3,316.55 1 0
github.com/ryolambert/openkiro/internal/proxy/server.go:316.55,320.23 4 0
github.com/ryolambert/openkiro/internal/proxy/server.go:320.23,323.5 2 0
github.com/ryolambert/openkiro/internal/proxy/server.go:324.4,326.12 3 0
github.com/ryolambert/openkiro/internal/proxy/server.go:328.3,329.9 2 0
github.com/ryolambert/openkiro/internal/proxy/server.go:331.2,353.79 5 1
github.com/ryolambert/openkiro/internal/proxy/server.go:353.79,357.3 3 4
github.com/ryolambert/openkiro/internal/proxy/server.go:358.2,358.16 1 1
github.com/ryolambert/openkiro/internal/proxy/server.go:358.16,361.3 2 0
github.com/ryolambert/openkiro/internal/proxy/server.go:363.2,364.82 2 1
github.com/ryolambert/openkiro/internal/proxy/server.go:368.103,372.16 3 1
github.com/ryolambert/openkiro/internal/proxy/server.go:372.16,376.3 3 0
github.com/ryolambert/openkiro/internal/proxy/server.go:378.2,385.16 3 1
github.com/ryolambert/openkiro/internal/proxy/server.go:385.16,389.3 3 0
github.com/ryolambert/openkiro/internal/proxy/server.go:391.2,397.16 5 1
github.com/ryolambert/openkiro/internal/proxy/server.go:397.16,401.3 3 0
github.com/ryolambert/openkiro/internal/proxy/server.go:402.2,405.16 3 1
github.com/ryolambert/openkiro/internal/proxy/server.go:405.16,409.3 3 0
github.com/ryolambert/openkiro/internal/proxy/server.go:411.2,417.72 4 1
github.com/ryolambert/openkiro/internal/proxy/server.go:417.72,421.3 3 0
github.com/ryolambert/openkiro/internal/proxy/server.go:423.2,431.42 3 1
github.com/ryolambert/openkiro/internal/proxy/server.go:434.92,436.16 2 7
github.com/ryolambert/openkiro/internal/proxy/server.go:436.16,438.3 1 0
github.com/ryolambert/openkiro/internal/proxy/server.go:440.2,444.17 4 7
github.com/ryolambert/openkiro/internal/proxy/server.go:447.93,457.2 2 0
github.com/ryolambert/openkiro/internal/token/credentials.go:17.39,19.16 2 0
github.com/ryolambert/openkiro/internal/token/credentials.go:19.16,21.3 1 0
github.com/ryolambert/openkiro/internal/token/credentials.go:22.2,22.46 1 0
github.com/ryolambert/openkiro/internal/token/credentials.go:26.44,28.16 2 0
github.com/ryolambert/openkiro/internal/token/credentials.go:28.16,30.3 1 0
github.com/ryolambert/openkiro/internal/token/credentials.go:31.2,31.52 1 0
github.com/ryolambert/openkiro/internal/token/credentials.go:35.53,37.16 2 0
github.com/ryolambert/openkiro/internal/token/credentials.go:37.16,39.3 1 0
github.com/ryolambert/openkiro/internal/token/credentials.go:40.2,40.48 1 0
github.com/ryolambert/openkiro/internal/token/credentials.go:40.48,42.3 1 0
github.com/ryolambert/openkiro/internal/token/credentials.go:43.2,44.16 2 0
github.com/ryolambert/openkiro/internal/token/credentials.go:44.16,46.3 1 0
github.com/ryolambert/openkiro/internal/token/credentials.go:47.2,48.16 2 0
github.com/ryolambert/openkiro/internal/token/credentials.go:48.16,50.3 1 0
github.com/ryolambert/openkiro/internal/token/credentials.go:51.2,51.54 1 0
github.com/ryolambert/openkiro/internal/token/credentials.go:51.54,53.3 1 0
github.com/ryolambert/openkiro/internal/token/credentials.go:54.2,54.12 1 0
github.com/ryolambert/openkiro/internal/token/credentials.go:58.49,60.16 2 0
github.com/ryolambert/openkiro/internal/token/credentials.go:60.16,62.3 1 0
github.com/ryolambert/openkiro/internal/token/credentials.go:63.2,63.48 1 0
github.com/ryolambert/openkiro/internal/token/credentials.go:63.48,65.3 1 0
github.com/ryolambert/openkiro/internal/token/credentials.go:66.2,67.86 2 0
github.com/ryolambert/openkiro/internal/token/credentials.go:67.86,69.3 1 0
github.com/ryolambert/openkiro/internal/token/credentials.go:70.2,71.88 2 0
github.com/ryolambert/openkiro/internal/token/credentials.go:71.88,73.3 1 0
github.com/ryolambert/openkiro/internal/token/credentials.go:74.2,74.12 1 0
github.com/ryolambert/openkiro/internal/token/credentials.go:78.60,80.16 2 0
github.com/ryolambert/openkiro/internal/token/credentials.go:80.16,82.3 1 0
github.com/ryolambert/openkiro/internal/token/credentials.go:83.2,84.16 2 0
github.com/ryolambert/openkiro/internal/token/credentials.go:84.16,86.3 1 0
github.com/ryolambert/openkiro/internal/token/credentials.go:87.2,88.53 2 0
github.com/ryolambert/openkiro/internal/token/credentials.go:88.53,90.3 1 0
github.com/ryolambert/openkiro/internal/token/credentials.go:91.2,91.41 1 0
github.com/ryolambert/openkiro/internal/token/token.go:30.32,32.16 2 0
github.com/ryolambert/openkiro/internal/token/token.go:32.16,35.3 2 0
github.com/ryolambert/openkiro/internal/token/token.go:36.2,36.79 1 0
github.com/ryolambert/openkiro/internal/token/token.go:40.18,44.16 3 0
github.com/ryolambert/openkiro/internal/token/token.go:44.16,47.3 2 0
github.com/ryolambert/openkiro/internal/token/token.go:49.2,50.51 2 0
github.com/ryolambert/openkiro/internal/token/token.go:50.51,53.3 2 0
github.com/ryolambert/openkiro/internal/token/token.go:55.2,58.25 4 0
github.com/ryolambert/openkiro/internal/token/token.go:58.25,60.3 1 0
github.com/ryolambert/openkiro/internal/token/token.go:64.29,66.16 2 1
github.com/ryolambert/openkiro/internal/token/token.go:66.16,69.3 2 0
github.com/ryolambert/openkiro/internal/token/token.go:70.2,70.22 1 1
github.com/ryolambert/openkiro/internal/token/token.go:71.16,72.94 1 0
github.com/ryolambert/openkiro/internal/token/token.go:73.17,75.17 2 0
github.com/ryolambert/openkiro/internal/token/token.go:75.17,78.4 2 0
github.com/ryolambert/openkiro/internal/token/token.go:79.3,79.62 1 0
github.com/ryolambert/openkiro/internal/token/token.go:80.10,81.79 1 1
github.com/ryolambert/openkiro/internal/token/token.go:86.21,89.52 2 0
github.com/ryolambert/openkiro/internal/token/token.go:89.52,97.3 7 0
github.com/ryolambert/openkiro/internal/token/token.go:99.2,101.16 2 0
github.com/ryolambert/openkiro/internal/token/token.go:101.16,104.3 2 0
github.com/ryolambert/openkiro/internal/token/token.go:106.2,111.75 2 0
github.com/ryolambert/openkiro/internal/token/token.go:111.75,114.3 2 0
github.com/ryolambert/openkiro/internal/token/token.go:116.2,124.16 4 0
github.com/ryolambert/openkiro/internal/token/token.go:124.16,127.3 2 0
github.com/ryolambert/openkiro/internal/token/token.go:129.2,129.63 1 0
github.com/ryolambert/openkiro/internal/token/token.go:129.63,132.3 2 0
github.com/ryolambert/openkiro/internal/token/token.go:135.2,135.71 1 0
github.com/ryolambert/openkiro/internal/token/token.go:135.71,137.3 1 0
github.com/ryolambert/openkiro/internal/token/token.go:139.2,140.69 2 0
github.com/ryolambert/openkiro/internal/token/token.go:144.33,148.16 3 0
github.com/ryolambert/openkiro/internal/token/token.go:148.16,151.3 2 0
github.com/ryolambert/openkiro/internal/token/token.go:153.2,154.51 2 0
github.com/ryolambert/openkiro/internal/token/token.go:154.51,157.3 2 0
github.com/ryolambert/openkiro/internal/token/token.go:159.2,162.31 3 0
github.com/ryolambert/openkiro/internal/token/token.go:162.31,169.3 6 0
github.com/ryolambert/openkiro/internal/token/token.go:169.8,172.3 2 0
github.com/ryolambert/openkiro/internal/token/token.go:176.31,179.39 2 0
github.com/ryolambert/openkiro/internal/token/token.go:179.39,181.17 2 0
github.com/ryolambert/openkiro/internal/token/token.go:181.17,183.4 1 0
github.com/ryolambert/openkiro/internal/token/token.go:184.3,185.52 2 0
github.com/ryolambert/openkiro/internal/token/token.go:185.52,187.4 1 0
github.com/ryolambert/openkiro/internal/token/token.go:188.3,188.18 1 0
github.com/ryolambert/openkiro/internal/token/token.go:191.2,192.16 2 0
github.com/ryolambert/openkiro/internal/token/token.go:192.16,194.3 1 0
github.com/ryolambert/openkiro/internal/token/token.go:196.2,200.21 4 0
github.com/ryolambert/openkiro/internal/token/token.go:200.21,202.3 1 0
github.com/ryolambert/openkiro/internal/token/token.go:203.2,203.17 1 0
github.com/ryolambert/openkiro/internal/token/token.go:207.33,208.73 1 5
github.com/ryolambert/openkiro/internal/token/token.go:209.41,210.14 1 2
github.com/ryolambert/openkiro/internal/token/token.go:212.2,212.73 1 3
github.com/ryolambert/openkiro/internal/token/token.go:213.41,215.14 2 1
github.com/ryolambert/openkiro/internal/token/token.go:217.2,217.14 1 2
github.com/ryolambert/openkiro/internal/token/token.go:221.44,222.27 1 2
github.com/ryolambert/openkiro/internal/token/token.go:222.27,224.3 1 1
github.com/ryolambert/openkiro/internal/token/token.go:228.35,229.18 1 5
github.com/ryolambert/openkiro/internal/token/token.go:229.18,231.3 1 3
github.com/ryolambert/openkiro/internal/token/token.go:232.2,232.37 1 2
github.com/ryolambert/openkiro/internal/token/token.go:236.53,237.28 1 0
github.com/ryolambert/openkiro/internal/token/token.go:237.28,239.3 1 0
github.com/ryolambert/openkiro/internal/token/token.go:240.2,241.62 2 0
github.com/ryolambert/openkiro/internal/token/token.go:256.28,259.2 2 2
github.com/ryolambert/openkiro/internal/token/token.go:262.39,263.31 1 2
github.com/ryolambert/openkiro/internal/token/token.go:263.31,268.3 1 1
github.com/ryolambert/openkiro/internal/token/token.go:269.2,269.23 1 2
